<?xml version="1.0" encoding="UTF-8"?>
<!-- Generated by org.testng.reporters.JUnitXMLReporter -->
<testsuite hostname="DESKTOP-HTUNN5J" ignored="0" name="Testing dropdowns" tests="4" failures="0" timestamp="26 Mar 2021 09:06:17 GMT" time="8.797" errors="0">
  <testcase name="validateDropdown" time="3.624" classname="tests.WDUDropdownsTest"/>
  <testcase name="validateCheckboxes" time="0.407" classname="tests.WDUDropdownsTest"/>
  <testcase name="validateRadioButtons" time="0.383" classname="tests.WDUDropdownsTest"/>
  <testcase name="validateDisabledButton" time="0.03" classname="tests.WDUDropdownsTest"/>
</testsuite> <!-- Testing dropdowns -->
