<?xml version="1.0" encoding="UTF-8"?>
<!-- Generated by org.testng.reporters.JUnitXMLReporter -->
<testsuite hostname="DESKTOP-HTUNN5J" ignored="0" name="Testing dropdowns" tests="4" failures="0" timestamp="01 Apr 2021 09:45:46 GMT" time="6.326" errors="0">
  <testcase name="validateDropdown" time="0.927" classname="tests.WDUDropdownsTest"/>
  <testcase name="validateCheckboxes" time="0.396" classname="tests.WDUDropdownsTest"/>
  <testcase name="validateRadioButtons" time="0.61" classname="tests.WDUDropdownsTest"/>
  <testcase name="validateDisabledButton" time="0.032" classname="tests.WDUDropdownsTest"/>
</testsuite> <!-- Testing dropdowns -->
