<?xml version="1.0" encoding="UTF-8"?>
<!-- Generated by org.testng.reporters.JUnitXMLReporter -->
<testsuite hostname="DESKTOP-HTUNN5J" ignored="0" name="Testing actions" tests="3" failures="0" timestamp="01 Apr 2021 09:45:58 GMT" time="4.594" errors="0">
  <testcase name="verifyDragAndDrop" time="0.85" classname="tests.WDUActionsTest"/>
  <testcase name="verifyDoubleClick" time="0.206" classname="tests.WDUActionsTest"/>
  <testcase name="verifyHoverOver" time="0.575" classname="tests.WDUActionsTest"/>
</testsuite> <!-- Testing actions -->
