<?xml version="1.0" encoding="UTF-8"?>
<!-- Generated by org.testng.reporters.JUnitXMLReporter -->
<testsuite hostname="DESKTOP-HTUNN5J" ignored="0" name="Testing contact us session" tests="3" failures="0" timestamp="26 Mar 2021 09:06:24 GMT" time="15.49" errors="0">
  <testcase name="validateResetButton" time="3.406" classname="tests.WDUContactUsTest"/>
  <testcase name="validateContactUs" time="1.645" classname="tests.WDUContactUsTest"/>
  <testcase name="invalidContactUs" time="6.088" classname="tests.WDUContactUsTest"/>
</testsuite> <!-- Testing contact us session -->
