<?xml version="1.0" encoding="UTF-8"?>
<!-- Generated by org.testng.reporters.JUnitXMLReporter -->
<testsuite hostname="DESKTOP-HTUNN5J" ignored="0" name="Testing actions" tests="3" failures="0" timestamp="26 Mar 2021 09:06:32 GMT" time="8.746" errors="0">
  <testcase name="verifyDragAndDrop" time="3.466" classname="tests.WDUActionsTest"/>
  <testcase name="verifyDoubleClick" time="0.16" classname="tests.WDUActionsTest"/>
  <testcase name="verifyHoverOver" time="0.555" classname="tests.WDUActionsTest"/>
</testsuite> <!-- Testing actions -->
