<?xml version="1.0" encoding="UTF-8"?>
<!-- Generated by org.testng.reporters.JUnitXMLReporter -->
<testsuite hostname="DESKTOP-HTUNN5J" ignored="0" name="Testing login" tests="4" failures="1" timestamp="01 Apr 2021 09:46:03 GMT" time="24.054" errors="0">
  <testcase name="LoginTests" time="0.285" classname="tests.LoginTest"/>
  <testcase name="LoginTests" time="0.423" classname="tests.LoginTest">
    <failure type="junit.framework.ComparisonFailure" message="expected:&amp;lt;...&amp;gt; but was:&amp;lt;...inventory.html&amp;gt;">
      <![CDATA[junit.framework.ComparisonFailure: expected:<...> but was:<...inventory.html>
	at junit.framework.Assert.assertEquals(Assert.java:81)
	at junit.framework.Assert.assertEquals(Assert.java:87)
	at tests.LoginTest.LoginTests(LoginTest.java:33)
	at java.util.concurrent.FutureTask.run(Unknown Source)
	at java.util.concurrent.ThreadPoolExecutor.runWorker(Unknown Source)
	at java.util.concurrent.ThreadPoolExecutor$Worker.run(Unknown Source)
	at java.lang.Thread.run(Unknown Source)
... Removed 16 stack frames]]>
    </failure>
  </testcase> <!-- LoginTests -->
  <testcase name="LoginTests" time="0.252" classname="tests.LoginTest"/>
  <testcase name="LoginTests" time="5.276" classname="tests.LoginTest"/>
</testsuite> <!-- Testing login -->
