<?xml version="1.0" encoding="UTF-8"?>
<!-- Generated by org.testng.reporters.JUnitXMLReporter -->
<testsuite hostname="DESKTOP-HTUNN5J" ignored="0" name="Testing buttons" tests="3" failures="0" timestamp="01 Apr 2021 09:45:58 GMT" time="4.043" errors="0">
  <testcase name="validateButtonOne" time="0.654" classname="tests.WDUButtonsTest"/>
  <testcase name="validateButtonTwoUsingJavascriptExecutor" time="0.069" classname="tests.WDUButtonsTest"/>
  <testcase name="validateButtonThreeUsingMouseAndKeyboard" time="0.21" classname="tests.WDUButtonsTest"/>
</testsuite> <!-- Testing buttons -->
