<?xml version="1.0" encoding="UTF-8"?>
<!-- Generated by org.testng.reporters.JUnitXMLReporter -->
<testsuite hostname="DESKTOP-HTUNN5J" ignored="0" name="Testing contact us session" tests="3" failures="0" timestamp="01 Apr 2021 09:45:53 GMT" time="13.672" errors="0">
  <testcase name="validateResetButton" time="1.0" classname="tests.WDUContactUsTest"/>
  <testcase name="validateContactUs" time="1.564" classname="tests.WDUContactUsTest"/>
  <testcase name="invalidContactUs" time="5.156" classname="tests.WDUContactUsTest"/>
</testsuite> <!-- Testing contact us session -->
