<?xml version="1.0" encoding="UTF-8"?>
<!-- Generated by org.testng.reporters.JUnitXMLReporter -->
<testsuite hostname="DESKTOP-HTUNN5J" ignored="0" name="Testing contact us session" tests="3" failures="0" timestamp="2021-03-25T18:27:31 CET" time="16.34" errors="0">
  <testcase name="validateResetButton" time="3.587" classname="tests.WDUContactUsTest"/>
  <testcase name="validateContactUs" time="1.613" classname="tests.WDUContactUsTest"/>
  <testcase name="invalidContactUs" time="6.513" classname="tests.WDUContactUsTest"/>
</testsuite> <!-- Testing contact us session -->
