<?xml version="1.0" encoding="UTF-8"?>
<!-- Generated by org.testng.reporters.JUnitXMLReporter -->
<testsuite hostname="DESKTOP-HTUNN5J" ignored="0" name="Testing buttons" tests="3" failures="0" timestamp="2021-03-25T18:27:39 CET" time="7.324" errors="0">
  <testcase name="validateButtonOne" time="3.381" classname="tests.WDUButtonsTest"/>
  <testcase name="validateButtonTwoUsingJavascriptExecutor" time="0.078" classname="tests.WDUButtonsTest"/>
  <testcase name="validateButtonThreeUsingMouseAndKeyboard" time="0.194" classname="tests.WDUButtonsTest"/>
</testsuite> <!-- Testing buttons -->
