<?xml version="1.0" encoding="UTF-8"?>
<!-- Generated by org.testng.reporters.JUnitXMLReporter -->
<testsuite hostname="DESKTOP-HTUNN5J" ignored="0" name="Testing actions" tests="3" failures="0" timestamp="2021-03-25T18:27:39 CET" time="7.771" errors="0">
  <testcase name="verifyDragAndDrop" time="3.476" classname="tests.WDUActionsTest"/>
  <testcase name="verifyDoubleClick" time="0.156" classname="tests.WDUActionsTest"/>
  <testcase name="verifyHoverOver" time="0.564" classname="tests.WDUActionsTest"/>
</testsuite> <!-- Testing actions -->
