<?xml version="1.0" encoding="UTF-8"?>
<!-- Generated by org.testng.reporters.JUnitXMLReporter -->
<testsuite hostname="DESKTOP-HTUNN5J" ignored="0" name="Testing dropdowns" tests="4" failures="0" timestamp="2021-03-25T18:27:23 CET" time="8.975" errors="0">
  <testcase name="validateDropdown" time="3.672" classname="tests.WDUDropdownsTest"/>
  <testcase name="validateCheckboxes" time="0.352" classname="tests.WDUDropdownsTest"/>
  <testcase name="validateRadioButtons" time="0.426" classname="tests.WDUDropdownsTest"/>
  <testcase name="validateDisabledButton" time="0.02" classname="tests.WDUDropdownsTest"/>
</testsuite> <!-- Testing dropdowns -->
