<?xml version="1.0" encoding="UTF-8"?>
<!-- Generated by org.testng.reporters.JUnitXMLReporter -->
<testsuite hostname="DESKTOP-HTUNN5J" ignored="0" name="Testing login" tests="4" failures="1" timestamp="2021-03-25T18:27:34 CET" time="19.617" errors="0">
  <testcase name="LoginTests" time="0.304" classname="tests.LoginTest"/>
  <testcase name="LoginTests" time="0.274" classname="tests.LoginTest">
    <failure type="junit.framework.ComparisonFailure" message="expected:&amp;lt;...&amp;gt; but was:&amp;lt;...inventory.html&amp;gt;">
      <![CDATA[junit.framework.ComparisonFailure: expected:<...> but was:<...inventory.html>
at junit.framework.Assert.assertEquals(Assert.java:81)
at junit.framework.Assert.assertEquals(Assert.java:87)
at tests.LoginTest.LoginTests(LoginTest.java:40)
at java.util.ArrayList.forEach(ArrayList.java:1259)
at java.util.concurrent.FutureTask.run(FutureTask.java:266)
at java.util.concurrent.ThreadPoolExecutor.runWorker(ThreadPoolExecutor.java:1149)
at java.util.concurrent.ThreadPoolExecutor$Worker.run(ThreadPoolExecutor.java:624)
at java.lang.Thread.run(Thread.java:748)
... Removed 18 stack frames]]>
    </failure>
  </testcase> <!-- LoginTests -->
  <testcase name="LoginTests" time="0.262" classname="tests.LoginTest"/>
  <testcase name="LoginTests" time="5.325" classname="tests.LoginTest"/>
</testsuite> <!-- Testing login -->
