<?xml version="1.0" encoding="UTF-8"?>
<testng-results skipped="0" failed="1" ignored="0" total="24" passed="23">
  <reporter-output>
  </reporter-output>
  <suite name="Suite" duration-ms="41894" started-at="2021-03-25T18:27:14 CET" finished-at="2021-03-25T18:27:56 CET">
    <groups>
    </groups>
    <test name="Testing file upload" duration-ms="7949" started-at="2021-03-25T18:27:14 CET" finished-at="2021-03-25T18:27:22 CET">
      <class name="tests.WDUFileUploadTest">
        <test-method status="PASS" signature="tearUp()[pri:0, instance:tests.WDUFileUploadTest@1f57539]" name="tearUp" is-config="true" duration-ms="3945" started-at="2021-03-25T18:27:14 CET" finished-at="2021-03-25T18:27:18 CET">
          <reporter-output>
          </reporter-output>
        </test-method> <!-- tearUp -->
        <test-method status="PASS" signature="uploadFile()[pri:1, instance:tests.WDUFileUploadTest@1f57539]" name="uploadFile" duration-ms="3354" started-at="2021-03-25T18:27:18 CET" finished-at="2021-03-25T18:27:22 CET">
          <reporter-output>
          </reporter-output>
        </test-method> <!-- uploadFile -->
        <test-method status="PASS" signature="tearDown()[pri:0, instance:tests.WDUFileUploadTest@1f57539]" name="tearDown" is-config="true" duration-ms="647" started-at="2021-03-25T18:27:22 CET" finished-at="2021-03-25T18:27:22 CET">
          <reporter-output>
          </reporter-output>
        </test-method> <!-- tearDown -->
      </class> <!-- tests.WDUFileUploadTest -->
    </test> <!-- Testing file upload -->
    <test name="Testing dropdowns" duration-ms="8975" started-at="2021-03-25T18:27:14 CET" finished-at="2021-03-25T18:27:23 CET">
      <class name="tests.WDUDropdownsTest">
        <test-method status="PASS" signature="tearUp()[pri:0, instance:tests.WDUDropdownsTest@1b68ddbd]" name="tearUp" is-config="true" duration-ms="3889" started-at="2021-03-25T18:27:14 CET" finished-at="2021-03-25T18:27:18 CET">
          <reporter-output>
          </reporter-output>
        </test-method> <!-- tearUp -->
        <test-method status="PASS" signature="validateDropdown()[pri:1, instance:tests.WDUDropdownsTest@1b68ddbd]" name="validateDropdown" duration-ms="3672" started-at="2021-03-25T18:27:18 CET" finished-at="2021-03-25T18:27:22 CET">
          <reporter-output>
          </reporter-output>
        </test-method> <!-- validateDropdown -->
        <test-method status="PASS" signature="validateCheckboxes()[pri:2, instance:tests.WDUDropdownsTest@1b68ddbd]" name="validateCheckboxes" duration-ms="352" started-at="2021-03-25T18:27:22 CET" finished-at="2021-03-25T18:27:22 CET">
          <reporter-output>
          </reporter-output>
        </test-method> <!-- validateCheckboxes -->
        <test-method status="PASS" signature="validateRadioButtons()[pri:3, instance:tests.WDUDropdownsTest@1b68ddbd]" name="validateRadioButtons" duration-ms="426" started-at="2021-03-25T18:27:22 CET" finished-at="2021-03-25T18:27:23 CET">
          <reporter-output>
          </reporter-output>
        </test-method> <!-- validateRadioButtons -->
        <test-method status="PASS" signature="validateDisabledButton()[pri:4, instance:tests.WDUDropdownsTest@1b68ddbd]" name="validateDisabledButton" duration-ms="20" started-at="2021-03-25T18:27:23 CET" finished-at="2021-03-25T18:27:23 CET">
          <reporter-output>
          </reporter-output>
        </test-method> <!-- validateDisabledButton -->
        <test-method status="PASS" signature="tearDown()[pri:0, instance:tests.WDUDropdownsTest@1b68ddbd]" name="tearDown" is-config="true" duration-ms="612" started-at="2021-03-25T18:27:23 CET" finished-at="2021-03-25T18:27:23 CET">
          <reporter-output>
          </reporter-output>
        </test-method> <!-- tearDown -->
      </class> <!-- tests.WDUDropdownsTest -->
    </test> <!-- Testing dropdowns -->
    <test name="Testing contact us session" duration-ms="16340" started-at="2021-03-25T18:27:14 CET" finished-at="2021-03-25T18:27:31 CET">
      <class name="tests.WDUContactUsTest">
        <test-method status="PASS" signature="tearUp()[pri:0, instance:tests.WDUContactUsTest@4b1c1ea0]" name="tearUp" is-config="true" duration-ms="3988" started-at="2021-03-25T18:27:14 CET" finished-at="2021-03-25T18:27:18 CET">
          <reporter-output>
          </reporter-output>
        </test-method> <!-- tearUp -->
        <test-method status="PASS" signature="validateResetButton()[pri:1, instance:tests.WDUContactUsTest@4b1c1ea0]" name="validateResetButton" duration-ms="3587" started-at="2021-03-25T18:27:18 CET" finished-at="2021-03-25T18:27:22 CET">
          <reporter-output>
          </reporter-output>
        </test-method> <!-- validateResetButton -->
        <test-method status="PASS" signature="validateContactUs()[pri:2, instance:tests.WDUContactUsTest@4b1c1ea0]" name="validateContactUs" duration-ms="1613" started-at="2021-03-25T18:27:22 CET" finished-at="2021-03-25T18:27:24 CET">
          <reporter-output>
          </reporter-output>
        </test-method> <!-- validateContactUs -->
        <test-method status="PASS" signature="invalidContactUs()[pri:3, instance:tests.WDUContactUsTest@4b1c1ea0]" name="invalidContactUs" duration-ms="6513" started-at="2021-03-25T18:27:24 CET" finished-at="2021-03-25T18:27:30 CET">
          <reporter-output>
          </reporter-output>
        </test-method> <!-- invalidContactUs -->
        <test-method status="PASS" signature="tearDown()[pri:0, instance:tests.WDUContactUsTest@4b1c1ea0]" name="tearDown" is-config="true" duration-ms="629" started-at="2021-03-25T18:27:30 CET" finished-at="2021-03-25T18:27:31 CET">
          <reporter-output>
          </reporter-output>
        </test-method> <!-- tearDown -->
      </class> <!-- tests.WDUContactUsTest -->
    </test> <!-- Testing contact us session -->
    <test name="Validating text in google" duration-ms="7682" started-at="2021-03-25T18:27:23 CET" finished-at="2021-03-25T18:27:31 CET">
      <class name="tests.ValidateTextInGoogle">
        <test-method status="PASS" signature="tearUp()[pri:0, instance:tests.ValidateTextInGoogle@21b2e768]" name="tearUp" is-config="true" duration-ms="3768" started-at="2021-03-25T18:27:23 CET" finished-at="2021-03-25T18:27:27 CET">
          <reporter-output>
          </reporter-output>
        </test-method> <!-- tearUp -->
        <test-method status="PASS" signature="GoogleSearchResults()[pri:0, instance:tests.ValidateTextInGoogle@21b2e768]" name="GoogleSearchResults" duration-ms="3284" started-at="2021-03-25T18:27:27 CET" finished-at="2021-03-25T18:27:30 CET">
          <reporter-output>
          </reporter-output>
        </test-method> <!-- GoogleSearchResults -->
        <test-method status="PASS" signature="tearDown()[pri:0, instance:tests.ValidateTextInGoogle@21b2e768]" name="tearDown" is-config="true" duration-ms="628" started-at="2021-03-25T18:27:30 CET" finished-at="2021-03-25T18:27:31 CET">
          <reporter-output>
          </reporter-output>
        </test-method> <!-- tearDown -->
      </class> <!-- tests.ValidateTextInGoogle -->
    </test> <!-- Validating text in google -->
    <test name="Testing autocomplete session" duration-ms="9048" started-at="2021-03-25T18:27:22 CET" finished-at="2021-03-25T18:27:31 CET">
      <class name="tests.WDUAutocompleteTest">
        <test-method status="PASS" signature="tearUp()[pri:0, instance:tests.WDUAutocompleteTest@2781e022]" name="tearUp" is-config="true" duration-ms="2845" started-at="2021-03-25T18:27:22 CET" finished-at="2021-03-25T18:27:25 CET">
          <reporter-output>
          </reporter-output>
        </test-method> <!-- tearUp -->
        <test-method status="PASS" signature="validateAutoCompleteTextfield()[pri:1, instance:tests.WDUAutocompleteTest@2781e022]" name="validateAutoCompleteTextfield" duration-ms="5596" started-at="2021-03-25T18:27:25 CET" finished-at="2021-03-25T18:27:31 CET">
          <reporter-output>
          </reporter-output>
        </test-method> <!-- validateAutoCompleteTextfield -->
        <test-method status="PASS" signature="tearDown()[pri:0, instance:tests.WDUAutocompleteTest@2781e022]" name="tearDown" is-config="true" duration-ms="607" started-at="2021-03-25T18:27:31 CET" finished-at="2021-03-25T18:27:31 CET">
          <reporter-output>
          </reporter-output>
        </test-method> <!-- tearDown -->
      </class> <!-- tests.WDUAutocompleteTest -->
    </test> <!-- Testing autocomplete session -->
    <test name="Testing to do list" duration-ms="18535" started-at="2021-03-25T18:27:14 CET" finished-at="2021-03-25T18:27:33 CET">
      <class name="tests.WDUToDoListTest">
        <test-method status="PASS" signature="tearUp()[pri:0, instance:tests.WDUToDoListTest@50b494a6]" name="tearUp" is-config="true" duration-ms="3785" started-at="2021-03-25T18:27:14 CET" finished-at="2021-03-25T18:27:18 CET">
          <reporter-output>
          </reporter-output>
        </test-method> <!-- tearUp -->
        <test-method status="PASS" signature="addItemInToDoList()[pri:1, instance:tests.WDUToDoListTest@50b494a6]" name="addItemInToDoList" duration-ms="3425" started-at="2021-03-25T18:27:18 CET" finished-at="2021-03-25T18:27:22 CET">
          <reporter-output>
          </reporter-output>
        </test-method> <!-- addItemInToDoList -->
        <test-method status="PASS" signature="deleteItemFromToDoList()[pri:2, instance:tests.WDUToDoListTest@50b494a6]" name="deleteItemFromToDoList" duration-ms="10693" started-at="2021-03-25T18:27:22 CET" finished-at="2021-03-25T18:27:32 CET">
          <reporter-output>
          </reporter-output>
        </test-method> <!-- deleteItemFromToDoList -->
        <test-method status="PASS" signature="tearDown()[pri:0, instance:tests.WDUToDoListTest@50b494a6]" name="tearDown" is-config="true" duration-ms="625" started-at="2021-03-25T18:27:32 CET" finished-at="2021-03-25T18:27:33 CET">
          <reporter-output>
          </reporter-output>
        </test-method> <!-- tearDown -->
      </class> <!-- tests.WDUToDoListTest -->
    </test> <!-- Testing to do list -->
    <test name="Testing login" duration-ms="19617" started-at="2021-03-25T18:27:14 CET" finished-at="2021-03-25T18:27:34 CET">
      <class name="tests.LoginTest">
        <test-method status="PASS" signature="tearUp()[pri:0, instance:tests.LoginTest@53f65459]" name="tearUp" is-config="true" duration-ms="4442" started-at="2021-03-25T18:27:14 CET" finished-at="2021-03-25T18:27:19 CET">
          <reporter-output>
          </reporter-output>
        </test-method> <!-- tearUp -->
        <test-method status="PASS" signature="LoginTests(java.lang.String,java.lang.String)[pri:0, instance:tests.LoginTest@53f65459]" name="LoginTests" duration-ms="304" started-at="2021-03-25T18:27:19 CET" data-provider="getData" finished-at="2021-03-25T18:27:19 CET">
          <params>
            <param index="0">
              <value>
                <![CDATA[standard_user]]>
              </value>
            </param>
            <param index="1">
              <value>
                <![CDATA[secret_sauce]]>
              </value>
            </param>
          </params>
          <reporter-output>
          </reporter-output>
        </test-method> <!-- LoginTests -->
        <test-method status="PASS" signature="tearDown()[pri:0, instance:tests.LoginTest@53f65459]" name="tearDown" is-config="true" duration-ms="47" started-at="2021-03-25T18:27:19 CET" finished-at="2021-03-25T18:27:19 CET">
          <reporter-output>
          </reporter-output>
        </test-method> <!-- tearDown -->
        <test-method status="PASS" signature="tearUp()[pri:0, instance:tests.LoginTest@53f65459]" name="tearUp" is-config="true" duration-ms="2816" started-at="2021-03-25T18:27:19 CET" finished-at="2021-03-25T18:27:22 CET">
          <reporter-output>
          </reporter-output>
        </test-method> <!-- tearUp -->
        <test-method status="FAIL" signature="LoginTests(java.lang.String,java.lang.String)[pri:0, instance:tests.LoginTest@53f65459]" name="LoginTests" duration-ms="274" started-at="2021-03-25T18:27:22 CET" data-provider="getData" finished-at="2021-03-25T18:27:22 CET">
          <params>
            <param index="0">
              <value>
                <![CDATA[locked_out_user]]>
              </value>
            </param>
            <param index="1">
              <value>
                <![CDATA[secret_sauce]]>
              </value>
            </param>
          </params>
          <exception class="junit.framework.ComparisonFailure">
            <message>
              <![CDATA[expected:<...> but was:<...inventory.html>]]>
            </message>
            <full-stacktrace>
              <![CDATA[junit.framework.ComparisonFailure: expected:<...> but was:<...inventory.html>
at junit.framework.Assert.assertEquals(Assert.java:81)
at junit.framework.Assert.assertEquals(Assert.java:87)
at tests.LoginTest.LoginTests(LoginTest.java:40)
at sun.reflect.NativeMethodAccessorImpl.invoke0(Native Method)
at sun.reflect.NativeMethodAccessorImpl.invoke(NativeMethodAccessorImpl.java:62)
at sun.reflect.DelegatingMethodAccessorImpl.invoke(DelegatingMethodAccessorImpl.java:43)
at java.lang.reflect.Method.invoke(Method.java:498)
at org.testng.internal.MethodInvocationHelper.invokeMethod(MethodInvocationHelper.java:133)
at org.testng.internal.TestInvoker.invokeMethod(TestInvoker.java:598)
at org.testng.internal.TestInvoker.invokeTestMethod(TestInvoker.java:173)
at org.testng.internal.MethodRunner.runInSequence(MethodRunner.java:46)
at org.testng.internal.TestInvoker$MethodInvocationAgent.invoke(TestInvoker.java:824)
at org.testng.internal.TestInvoker.invokeTestMethods(TestInvoker.java:146)
at org.testng.internal.TestMethodWorker.invokeTestMethods(TestMethodWorker.java:146)
at org.testng.internal.TestMethodWorker.run(TestMethodWorker.java:128)
at java.util.ArrayList.forEach(ArrayList.java:1259)
at org.testng.TestRunner.privateRun(TestRunner.java:794)
at org.testng.TestRunner.run(TestRunner.java:596)
at org.testng.SuiteRunner.runTest(SuiteRunner.java:377)
at org.testng.SuiteRunner.access$000(SuiteRunner.java:28)
at org.testng.SuiteRunner$SuiteWorker.run(SuiteRunner.java:418)
at org.testng.internal.thread.ThreadUtil.lambda$execute$0(ThreadUtil.java:64)
at java.util.concurrent.FutureTask.run(FutureTask.java:266)
at java.util.concurrent.ThreadPoolExecutor.runWorker(ThreadPoolExecutor.java:1149)
at java.util.concurrent.ThreadPoolExecutor$Worker.run(ThreadPoolExecutor.java:624)
at java.lang.Thread.run(Thread.java:748)
]]>
            </full-stacktrace>
          </exception> <!-- junit.framework.ComparisonFailure -->
          <reporter-output>
          </reporter-output>
        </test-method> <!-- LoginTests -->
        <test-method status="PASS" signature="tearDown()[pri:0, instance:tests.LoginTest@53f65459]" name="tearDown" is-config="true" duration-ms="44" started-at="2021-03-25T18:27:23 CET" finished-at="2021-03-25T18:27:23 CET">
          <reporter-output>
          </reporter-output>
        </test-method> <!-- tearDown -->
        <test-method status="PASS" signature="tearUp()[pri:0, instance:tests.LoginTest@53f65459]" name="tearUp" is-config="true" duration-ms="2817" started-at="2021-03-25T18:27:23 CET" finished-at="2021-03-25T18:27:25 CET">
          <reporter-output>
          </reporter-output>
        </test-method> <!-- tearUp -->
        <test-method status="PASS" signature="LoginTests(java.lang.String,java.lang.String)[pri:0, instance:tests.LoginTest@53f65459]" name="LoginTests" duration-ms="262" started-at="2021-03-25T18:27:25 CET" data-provider="getData" finished-at="2021-03-25T18:27:26 CET">
          <params>
            <param index="0">
              <value>
                <![CDATA[problem_user]]>
              </value>
            </param>
            <param index="1">
              <value>
                <![CDATA[secret_sauce]]>
              </value>
            </param>
          </params>
          <reporter-output>
          </reporter-output>
        </test-method> <!-- LoginTests -->
        <test-method status="PASS" signature="tearDown()[pri:0, instance:tests.LoginTest@53f65459]" name="tearDown" is-config="true" duration-ms="39" started-at="2021-03-25T18:27:26 CET" finished-at="2021-03-25T18:27:26 CET">
          <reporter-output>
          </reporter-output>
        </test-method> <!-- tearDown -->
        <test-method status="PASS" signature="tearUp()[pri:0, instance:tests.LoginTest@53f65459]" name="tearUp" is-config="true" duration-ms="2801" started-at="2021-03-25T18:27:26 CET" finished-at="2021-03-25T18:27:29 CET">
          <reporter-output>
          </reporter-output>
        </test-method> <!-- tearUp -->
        <test-method status="PASS" signature="LoginTests(java.lang.String,java.lang.String)[pri:0, instance:tests.LoginTest@53f65459]" name="LoginTests" duration-ms="5325" started-at="2021-03-25T18:27:29 CET" data-provider="getData" finished-at="2021-03-25T18:27:34 CET">
          <params>
            <param index="0">
              <value>
                <![CDATA[performance_glitch_user]]>
              </value>
            </param>
            <param index="1">
              <value>
                <![CDATA[secret_sauce]]>
              </value>
            </param>
          </params>
          <reporter-output>
          </reporter-output>
        </test-method> <!-- LoginTests -->
        <test-method status="PASS" signature="tearDown()[pri:0, instance:tests.LoginTest@53f65459]" name="tearDown" is-config="true" duration-ms="104" started-at="2021-03-25T18:27:34 CET" finished-at="2021-03-25T18:27:34 CET">
          <reporter-output>
          </reporter-output>
        </test-method> <!-- tearDown -->
      </class> <!-- tests.LoginTest -->
    </test> <!-- Testing login -->
    <test name="Testing buttons" duration-ms="7324" started-at="2021-03-25T18:27:31 CET" finished-at="2021-03-25T18:27:39 CET">
      <class name="tests.WDUButtonsTest">
        <test-method status="PASS" signature="tearUp()[pri:0, instance:tests.WDUButtonsTest@3571b748]" name="tearUp" is-config="true" duration-ms="3055" started-at="2021-03-25T18:27:31 CET" finished-at="2021-03-25T18:27:34 CET">
          <reporter-output>
          </reporter-output>
        </test-method> <!-- tearUp -->
        <test-method status="PASS" signature="validateButtonOne()[pri:1, instance:tests.WDUButtonsTest@3571b748]" name="validateButtonOne" duration-ms="3381" started-at="2021-03-25T18:27:34 CET" finished-at="2021-03-25T18:27:38 CET">
          <reporter-output>
          </reporter-output>
        </test-method> <!-- validateButtonOne -->
        <test-method status="PASS" signature="validateButtonTwoUsingJavascriptExecutor()[pri:2, instance:tests.WDUButtonsTest@3571b748]" name="validateButtonTwoUsingJavascriptExecutor" duration-ms="78" started-at="2021-03-25T18:27:38 CET" finished-at="2021-03-25T18:27:38 CET">
          <reporter-output>
          </reporter-output>
        </test-method> <!-- validateButtonTwoUsingJavascriptExecutor -->
        <test-method status="PASS" signature="validateButtonThreeUsingMouseAndKeyboard()[pri:3, instance:tests.WDUButtonsTest@3571b748]" name="validateButtonThreeUsingMouseAndKeyboard" duration-ms="194" started-at="2021-03-25T18:27:38 CET" finished-at="2021-03-25T18:27:38 CET">
          <reporter-output>
          </reporter-output>
        </test-method> <!-- validateButtonThreeUsingMouseAndKeyboard -->
        <test-method status="PASS" signature="tearDown()[pri:0, instance:tests.WDUButtonsTest@3571b748]" name="tearDown" is-config="true" duration-ms="616" started-at="2021-03-25T18:27:38 CET" finished-at="2021-03-25T18:27:39 CET">
          <reporter-output>
          </reporter-output>
        </test-method> <!-- tearDown -->
      </class> <!-- tests.WDUButtonsTest -->
    </test> <!-- Testing buttons -->
    <test name="Testing actions" duration-ms="7771" started-at="2021-03-25T18:27:31 CET" finished-at="2021-03-25T18:27:39 CET">
      <class name="tests.WDUActionsTest">
        <test-method status="PASS" signature="tearUp()[pri:0, instance:tests.WDUActionsTest@fa36558]" name="tearUp" is-config="true" duration-ms="2954" started-at="2021-03-25T18:27:31 CET" finished-at="2021-03-25T18:27:34 CET">
          <reporter-output>
          </reporter-output>
        </test-method> <!-- tearUp -->
        <test-method status="PASS" signature="verifyDragAndDrop()[pri:1, instance:tests.WDUActionsTest@fa36558]" name="verifyDragAndDrop" duration-ms="3476" started-at="2021-03-25T18:27:34 CET" finished-at="2021-03-25T18:27:37 CET">
          <reporter-output>
          </reporter-output>
        </test-method> <!-- verifyDragAndDrop -->
        <test-method status="PASS" signature="verifyDoubleClick()[pri:2, instance:tests.WDUActionsTest@fa36558]" name="verifyDoubleClick" duration-ms="156" started-at="2021-03-25T18:27:37 CET" finished-at="2021-03-25T18:27:38 CET">
          <reporter-output>
          </reporter-output>
        </test-method> <!-- verifyDoubleClick -->
        <test-method status="PASS" signature="verifyHoverOver()[pri:3, instance:tests.WDUActionsTest@fa36558]" name="verifyHoverOver" duration-ms="564" started-at="2021-03-25T18:27:38 CET" finished-at="2021-03-25T18:27:38 CET">
          <reporter-output>
          </reporter-output>
        </test-method> <!-- verifyHoverOver -->
        <test-method status="PASS" signature="tearDown()[pri:0, instance:tests.WDUActionsTest@fa36558]" name="tearDown" is-config="true" duration-ms="619" started-at="2021-03-25T18:27:38 CET" finished-at="2021-03-25T18:27:39 CET">
          <reporter-output>
          </reporter-output>
        </test-method> <!-- tearDown -->
      </class> <!-- tests.WDUActionsTest -->
    </test> <!-- Testing actions -->
    <test name="Testing IFrame" duration-ms="20296" started-at="2021-03-25T18:27:31 CET" finished-at="2021-03-25T18:27:51 CET">
      <class name="tests.WDUIframeTest">
        <test-method status="PASS" signature="tearUp()[pri:0, instance:tests.WDUIframeTest@68567e20]" name="tearUp" is-config="true" duration-ms="2822" started-at="2021-03-25T18:27:31 CET" finished-at="2021-03-25T18:27:34 CET">
          <reporter-output>
          </reporter-output>
        </test-method> <!-- tearUp -->
        <test-method status="PASS" signature="handleIframe()[pri:1, instance:tests.WDUIframeTest@68567e20]" name="handleIframe" duration-ms="16845" started-at="2021-03-25T18:27:34 CET" finished-at="2021-03-25T18:27:50 CET">
          <reporter-output>
          </reporter-output>
        </test-method> <!-- handleIframe -->
        <test-method status="PASS" signature="tearDown()[pri:0, instance:tests.WDUIframeTest@68567e20]" name="tearDown" is-config="true" duration-ms="628" started-at="2021-03-25T18:27:50 CET" finished-at="2021-03-25T18:27:51 CET">
          <reporter-output>
          </reporter-output>
        </test-method> <!-- tearDown -->
      </class> <!-- tests.WDUIframeTest -->
    </test> <!-- Testing IFrame -->
    <test name="Testing dates" duration-ms="23357" started-at="2021-03-25T18:27:33 CET" finished-at="2021-03-25T18:27:56 CET">
      <class name="tests.WDUDatePickerTest">
        <test-method status="PASS" signature="tearUp()[pri:0, instance:tests.WDUDatePickerTest@7748410a]" name="tearUp" is-config="true" duration-ms="2832" started-at="2021-03-25T18:27:33 CET" finished-at="2021-03-25T18:27:36 CET">
          <reporter-output>
          </reporter-output>
        </test-method> <!-- tearUp -->
        <test-method status="PASS" signature="chooseDate()[pri:1, instance:tests.WDUDatePickerTest@7748410a]" name="chooseDate" duration-ms="19914" started-at="2021-03-25T18:27:36 CET" finished-at="2021-03-25T18:27:56 CET">
          <reporter-output>
          </reporter-output>
        </test-method> <!-- chooseDate -->
        <test-method status="PASS" signature="tearDown()[pri:0, instance:tests.WDUDatePickerTest@7748410a]" name="tearDown" is-config="true" duration-ms="610" started-at="2021-03-25T18:27:56 CET" finished-at="2021-03-25T18:27:56 CET">
          <reporter-output>
          </reporter-output>
        </test-method> <!-- tearDown -->
      </class> <!-- tests.WDUDatePickerTest -->
    </test> <!-- Testing dates -->
  </suite> <!-- Suite -->
</testng-results>
