<?xml version="1.0" encoding="UTF-8"?>
<testsuite xmlns:xsi="http://www.w3.org/2001/XMLSchema-instance" xsi:noNamespaceSchemaLocation="https://maven.apache.org/surefire/maven-surefire-plugin/xsd/surefire-test-report-3.0.xsd" version="3.0" name="TestSuite" time="42.65" tests="24" errors="0" skipped="0" failures="1">
  <properties>
[...]
</properties>
  <testcase name="LoginTests[standard_user, secret_sauce](1)" classname="tests.LoginTest" time="0.307">
    <system-out><![CDATA[chrome
chrome
chrome
chrome
chrome
]]></system-out>
    <system-err><![CDATA[Starting ChromeDriver 89.0.4389.23 (61b08ee2c50024bab004e48d2b1b083cdbdac579-refs/branch-heads/4389@{#294}) on port 33612
Only local connections are allowed.
Please see https://chromedriver.chromium.org/security-considerations for suggestions on keeping ChromeDriver safe.
ChromeDriver was started successfully.
Starting ChromeDriver 89.0.4389.23 (61b08ee2c50024bab004e48d2b1b083cdbdac579-refs/branch-heads/4389@{#294}) on port 13050
Only local connections are allowed.
Please see https://chromedriver.chromium.org/security-considerations for suggestions on keeping ChromeDriver safe.
ChromeDriver was startSetda rsutcicnge ssCfulhly.r
omeDriver 89.0.4389.23 (61b08ee2c50024bab004e48d2b1b083cdbdac579-refs/branch-heads/4389@{#294}) on port 45243
Only local connections are allowed.
Please see https://chromedriver.chromium.orSgt/arsteicnugr Cihtroym-ecDornivseird e8r9a.t0i.o4n3s8 9f.o2r3  s(u61gbg0e8see2tci50o02n4sb abo0n 0k4eee4p8idn2gb1 bC0h8r3ocmdebDdraicv5e7r9 -sraeffes./br
anch-heads/4389@{#294}) on port 38270
Only local connections are allowed.
Please see https://chroCmherdormievDerr.cihvreorm iwuams. osrtga/rsteecdu rsiutcyc-ecsosnfsuildleyr.at
ions for suggestions on keeping ChromeDriver safe.
Starting ChromeDriver 89.0.4389.23 (61b08ee2c50024bab004e48d2b1b083cdbdac579-refs/branch-heads/4389@{#294}) on port 11881
Only local connections are allowed.
Please see https://chromedriver.chromium.org/security-considerations for suggestions on keeping ChromeDriver safe.
ChromeDriver was started successfully.
ChromeDriver was started successfully.
Mar 25, 2021 6:27:16 PM org.openqa.selenium.remote.ProtocolHandshake createSession
INFO: Detected dialect: W3C
Mar 25, 2021 6:27:16 PM org.openqa.selenium.remote.ProtocolHandshake createSession
INFO: Detected dialect: W3C
Mar 25, 2021 6:27:16 PM org.openqa.selenium.remote.ProtocolHandshake createSession
INFO: Detected dialect: W3C
Mar 25, 2021 6:27:16 PM org.openqa.selenium.remote.ProtocolHandshake createSession
INFO: Detected dialect: W3C
Mar 25, 2021 6:27:16 PM org.openqa.selenium.remote.ProtocolHandshake createSession
INFO: Detected dialect: W3C
]]></system-err>
  </testcase>
  <testcase name="LoginTests[locked_out_user, secret_sauce](2)" classname="tests.LoginTest" time="0.311">
    <failure message="expected:&lt;...&gt; but was:&lt;...inventory.html&gt;" type="junit.framework.ComparisonFailure"><![CDATA[junit.framework.ComparisonFailure: expected:<...> but was:<...inventory.html>
	at tests.LoginTest.LoginTests(LoginTest.java:40)
]]></failure>
    <system-out><![CDATA[chrome
]]></system-out>
    <system-err><![CDATA[Starting ChromeDriver 89.0.4389.23 (61b08ee2c50024bab004e48d2b1b083cdbdac579-refs/branch-heads/4389@{#294}) on port 2951
Only local connections are allowed.
Please see https://chromedriver.chromium.org/security-considerations for suggestions on keeping ChromeDriver safe.
ChromeDriver was started successfully.
]]></system-err>
  </testcase>
  <testcase name="LoginTests[problem_user, secret_sauce](3)" classname="tests.LoginTest" time="0.262">
    <system-out><![CDATA[chrome
]]></system-out>
    <system-err><![CDATA[Starting ChromeDriver 89.0.4389.23 (61b08ee2c50024bab004e48d2b1b083cdbdac579-refs/branch-heads/4389@{#294}) on port 35141
Only local connections are allowed.
Please see https://chromedriver.chromium.org/security-considerations for suggestions on keeping ChromeDriver safe.
ChromeDriver was started successfully.
Mar 25, 2021 6:27:24 PM org.openqa.selenium.remote.ProtocolHandshake createSession
INFO: Detected dialect: W3C
Mar 25, 2021 6:27:24 PM org.openqa.selenium.remote.ProtocolHandshake createSession
INFO: Detected dialect: W3C
Mar 25, 2021 6:27:25 PM org.openqa.selenium.remote.ProtocolHandshake createSession
INFO: Detected dialect: W3C
]]></system-err>
  </testcase>
  <testcase name="LoginTests[performance_glitch_user, secret_sauce](4)" classname="tests.LoginTest" time="0.346">
    <system-out><![CDATA[chrome
]]></system-out>
    <system-err><![CDATA[Mar 25, 2021 6:27:32 PM org.openqa.selenium.remote.ProtocolHandshake createSession
INFO: Detected dialect: W3C
Starting ChromeDriver 89.0.4389.23 (61b08ee2c50024bab004e48d2b1b083cdbdac579-refs/branch-heads/4389@{#294}) on port 31708
Only local connections are allowed.
Please see https://chromedriver.chromium.org/security-considerations for suggestions on keeping ChromeDriver safe.
ChromeDriver was started successfully.
]]></system-err>
  </testcase>
  <testcase name="addItemInToDoList" classname="tests.WDUToDoListTest" time="2.753">
    <system-out><![CDATA[chrome
]]></system-out>
    <system-err><![CDATA[Starting ChromeDriver 89.0.4389.23 (61b08ee2c50024bab004e48d2b1b083cdbdac579-refs/branch-heads/4389@{#294}) on port 22895
Only local connections are allowed.
Please see https://chromedriver.chromium.org/security-considerations for suggestions on keeping ChromeDriver safe.
ChromeDriver was started successfully.
Mar 25, 2021 6:27:20 PM org.openqa.selenium.remote.ProtocolHandshake createSession
INFO: Detected dialect: W3C
]]></system-err>
  </testcase>
  <testcase name="deleteItemFromToDoList" classname="tests.WDUToDoListTest" time="3.723">
    <system-out><![CDATA[chrome
chrome
]]></system-out>
    <system-err><![CDATA[Starting ChromeDriver 89.0.4389.23 (61b08ee2c50024bab004e48d2b1b083cdbdac579-refs/branch-heads/4389@{#294}) on port 19549
Only local connections are allowed.
Please see https://chromedriver.chromium.org/security-considerations for suggestions on keeping ChromeDriver safe.
ChromeDriver was started successfully.
Starting ChromeDriver 89.0.4389.23 (61b08ee2c50024bab004e48d2b1b083cdbdac579-refs/branch-heads/4389@{#294}) on port 34428
Only local connections are allowed.
Please see https://chromedriver.chromium.org/security-considerations for suggestions on keeping ChromeDriver safe.
ChromeDriver was started successfully.
Mar 25, 2021 6:27:32 PM org.openqa.selenium.remote.ProtocolHandshake createSession
INFO: Detected dialect: W3C
Mar 25, 2021 6:27:32 PM org.openqa.selenium.remote.ProtocolHandshake createSession
INFO: Detected dialect: W3C
]]></system-err>
  </testcase>
  <testcase name="uploadFile" classname="tests.WDUFileUploadTest" time="0.085"/>
  <testcase name="validateDropdown" classname="tests.WDUDropdownsTest" time="0.347"/>
  <testcase name="validateCheckboxes" classname="tests.WDUDropdownsTest" time="0.281"/>
  <testcase name="validateRadioButtons" classname="tests.WDUDropdownsTest" time="0.435">
    <system-out><![CDATA[chrome
]]></system-out>
    <system-err><![CDATA[Starting ChromeDriver 89.0.4389.23 (61b08ee2c50024bab004e48d2b1b083cdbdac579-refs/branch-heads/4389@{#294}) on port 24300
Only local connections are allowed.
Please see https://chromedriver.chromium.org/security-considerations for suggestions on keeping ChromeDriver safe.
ChromeDriver was started successfully.
]]></system-err>
  </testcase>
  <testcase name="validateDisabledButton" classname="tests.WDUDropdownsTest" time="0.012"/>
  <testcase name="validateResetButton" classname="tests.WDUContactUsTest" time="0.02"/>
  <testcase name="validateContactUs" classname="tests.WDUContactUsTest" time="0.849">
    <system-out><![CDATA[chrome
]]></system-out>
    <system-err><![CDATA[Starting ChromeDriver 89.0.4389.23 (61b08ee2c50024bab004e48d2b1b083cdbdac579-refs/branch-heads/4389@{#294}) on port 26922
Only local connections are allowed.
Please see https://chromedriver.chromium.org/security-considerations for suggestions on keeping ChromeDriver safe.
ChromeDriver was started successfully.
Mar 25, 2021 6:27:23 PM org.openqa.selenium.remote.ProtocolHandshake createSession
INFO: Detected dialect: W3C
]]></system-err>
  </testcase>
  <testcase name="invalidContactUs" classname="tests.WDUContactUsTest" time="1.522">
    <system-out><![CDATA[chrome
]]></system-out>
    <system-err><![CDATA[Starting ChromeDriver 89.0.4389.23 (61b08ee2c50024bab004e48d2b1b083cdbdac579-refs/branch-heads/4389@{#294}) on port 24204
Only local connections are allowed.
Please see https://chromedriver.chromium.org/security-considerations for suggestions on keeping ChromeDriver safe.
ChromeDriver was started successfully.
Mar 25, 2021 6:27:27 PM org.openqa.selenium.remote.ProtocolHandshake createSession
INFO: Detected dialect: W3C
]]></system-err>
  </testcase>
  <testcase name="GoogleSearchResults" classname="tests.ValidateTextInGoogle" time="1.845"/>
  <testcase name="validateAutoCompleteTextfield" classname="tests.WDUAutocompleteTest" time="2.216">
    <system-out><![CDATA[chrome
]]></system-out>
    <system-err><![CDATA[Starting ChromeDriver 89.0.4389.23 (61b08ee2c50024bab004e48d2b1b083cdbdac579-refs/branch-heads/4389@{#294}) on port 19384
Only local connections are allowed.
Please see https://chromedriver.chromium.org/security-considerations for suggestions on keeping ChromeDriver safe.
ChromeDriver was started successfully.
]]></system-err>
  </testcase>
  <testcase name="verifyDragAndDrop" classname="tests.WDUActionsTest" time="1.722">
    <system-err><![CDATA[Mar 25, 2021 6:27:34 PM org.openqa.selenium.remote.ProtocolHandshake createSession
INFO: Detected dialect: W3C
]]></system-err>
  </testcase>
  <testcase name="verifyDoubleClick" classname="tests.WDUActionsTest" time="0.156"/>
  <testcase name="verifyHoverOver" classname="tests.WDUActionsTest" time="0.286"/>
  <testcase name="validateButtonOne" classname="tests.WDUButtonsTest" time="0.201"/>
  <testcase name="validateButtonTwoUsingJavascriptExecutor" classname="tests.WDUButtonsTest" time="0.078"/>
  <testcase name="validateButtonThreeUsingMouseAndKeyboard" classname="tests.WDUButtonsTest" time="0.194"/>
  <testcase name="handleIframe" classname="tests.WDUIframeTest" time="12.483"/>
  <testcase name="chooseDate" classname="tests.WDUDatePickerTest" time="17.756"/>
</testsuite>