<?xml version="1.0" encoding="UTF-8"?>
<testng-results skipped="0" failed="0" ignored="0" total="1" passed="1">
  <reporter-output>
  </reporter-output>
  <suite name="Default suite" duration-ms="4211" started-at="2021-04-01T11:47:52Z" finished-at="2021-04-01T11:47:56Z">
    <groups>
    </groups>
    <test name="Default test" duration-ms="4211" started-at="2021-04-01T11:47:52Z" finished-at="2021-04-01T11:47:56Z">
      <class name="tests.WDUFileUploadTest">
        <test-method status="PASS" signature="initialize()[pri:0, instance:tests.WDUFileUploadTest@4b9e13df]" name="initialize" is-config="true" duration-ms="2896" started-at="2021-04-01T13:47:52Z" finished-at="2021-04-01T13:47:55Z">
          <reporter-output>
          </reporter-output>
        </test-method> <!-- initialize -->
        <test-method status="PASS" signature="uploadFile()[pri:1, instance:tests.WDUFileUploadTest@4b9e13df]" name="uploadFile" duration-ms="618" started-at="2021-04-01T13:47:55Z" finished-at="2021-04-01T13:47:56Z">
          <reporter-output>
          </reporter-output>
        </test-method> <!-- uploadFile -->
        <test-method status="PASS" signature="quitDriver()[pri:0, instance:tests.WDUFileUploadTest@4b9e13df]" name="quitDriver" is-config="true" duration-ms="678" started-at="2021-04-01T13:47:56Z" finished-at="2021-04-01T13:47:56Z">
          <reporter-output>
          </reporter-output>
        </test-method> <!-- quitDriver -->
      </class> <!-- tests.WDUFileUploadTest -->
    </test> <!-- Default test -->
  </suite> <!-- Default suite -->
</testng-results>
